## MIXA-002 Complete

**Task**: Set up `packages/types` with all shared TypeScript types  
**Status**: Done — all acceptance criteria met

### What was built

8 type files in `packages/types/src/`:

| File | Types Exported |
|------|---------------|
| `knowledge.ts` | `Item`, `Chunk`, `Tag`, `ItemTag`, `Highlight`, `ItemType`, `SourceType` |
| `projects.ts` | `Project`, `ItemProject` |
| `chat.ts` | `Conversation`, `Message`, `Citation`, `ChatScope`, `MessageRole` |
| `tabs.ts` | `Tab`, `TabType`, `Space`, `TabState` |
| `engine.ts` | `EngineModule`, `EngineStatus`, `EngineCommand`, `EngineEvent`, `EngineModuleName`, `EngineStatusCode` |
| `protocol.ts` | `UIView`, `UIComponent`, `UIAction`, `UIEvent`, `UIComponentType`, `ChartType`, `Metric`, `TableColumn`, `FormField` |
| `settings.ts` | `UserSettings`, `LLMProvider`, `LLMConfig`, `ThemeConfig`, `ThemeMode`, `KeyboardShortcut`, `LLMProviderName` |
| `index.ts` | Barrel re-export of all 37 types |

### Backpressure gates

- **Build**: 8/8 packages pass
- **Typecheck**: 8/8 packages pass
- **Lint**: 8/8 packages pass, zero errors
- **No `any`**: Confirmed — all types use explicit types, `unknown` + `Record<string, unknown>` where needed

### Commits
- `867434f` — `chore(monorepo): initialize Turborepo + pnpm workspace scaffold`
- `da57881` — `feat(types): add shared TypeScript types for all domains`
- `897d4d8` — `chore(ralph): mark MIXA-002 as complete in tracking files`

### Next task
Per the implementation plan, the next eligible task is **MIXA-003** (Drizzle schema + Docker dev environment) — depends only on MIXA-001 which is done.