[2026-02-21 02:05:33] Iteration 1 started (mode: build)
[2026-02-21 02:12:19] Bootstrap started
[2026-02-21 02:16:03] Iteration 1 started (mode: build)
[2026-02-21 02:16:32] Bootstrap started
[2026-02-21 02:17:42] Iteration 2 started (mode: build)
[2026-02-21 02:19:19] Bootstrap started
[2026-02-21 02:20:48] Iteration 3 started (mode: build)
[2026-02-21 02:25:26] Iteration 4 started (mode: build)
[2026-02-21 02:26:41] Iteration 5 started (mode: build)
[2026-02-21 02:29:22] Iteration 6 started (mode: build)
[2026-02-21 02:31:54] Iteration 7 started (mode: build)
[2026-02-21 02:31:58] Iteration 1 started (mode: build)
[2026-02-21 02:36:14] Iteration 8 started (mode: build)
[2026-02-21 02:37:07] Iteration 2 started (mode: build)
[2026-02-21 02:39:17] Iteration 1 started (mode: build)
[2026-02-21 02:41:45] Iteration 9 started (mode: build)
[2026-02-21 02:44:52] Iteration 10 started (mode: build)
[2026-02-21 02:44:54] Iteration 1 started (mode: build)
[2026-02-21 02:48:58] Iteration 2 started (mode: build)
[2026-02-21 02:52:33] Iteration 3 started (mode: build)
[2026-02-21 02:59:22] Iteration 4 started (mode: build)
[2026-02-21 03:05:44] Iteration 5 started (mode: build)
[2026-02-21 03:08:49] Iteration 6 started (mode: build)
[2026-02-21 03:12:05] Iteration 7 started (mode: build)
[2026-02-21 03:15:12] Iteration 8 started (mode: build)
[2026-02-21 03:21:32] Iteration 9 started (mode: build)
[2026-02-21 03:27:36] Iteration 10 started (mode: build)
[2026-02-21 03:42:54] Iteration 1 started (mode: build)
[2026-02-21 03:45:41] Iteration 1 started (mode: build)
[2026-02-21 04:46:37] Iteration 1 started (mode: build)
[2026-02-21 05:14:51] Iteration 1 started (mode: build)
[2026-02-21 05:18:01] Iteration 2 started (mode: build)
[2026-02-21 05:26:24] Iteration 3 started (mode: build)
[2026-02-21 05:39:26] Iteration 4 started (mode: build)
[2026-02-21 05:51:24] Iteration 5 started (mode: build)
[2026-02-21 05:59:58] Iteration 6 started (mode: build)
[2026-02-21 06:06:01] Iteration 7 started (mode: build)
[2026-02-21 06:09:02] Iteration 8 started (mode: build)
[2026-02-21 06:17:06] Iteration 9 started (mode: build)
[2026-02-21 06:23:01] Iteration 10 started (mode: build)
[2026-02-21 08:46:17] Iteration 11 started (mode: build)
[2026-02-21 09:31:25] Iteration 12 started (mode: build)
[2026-02-21 09:51:51] Iteration 13 started (mode: build)
[2026-02-21 10:36:20] Iteration 14 started (mode: build)
[2026-02-21 10:46:55] Iteration 15 started (mode: build)
[2026-02-21 10:53:58] Iteration 16 started (mode: build)
[2026-02-21 11:11:20] Iteration 17 started (mode: build)
[2026-02-21 11:32:55] Iteration 18 started (mode: build)
[2026-02-21 11:54:31] Iteration 19 started (mode: build)
[2026-02-21 13:03:16] Iteration 20 started (mode: build)
[2026-02-21 13:53:15] Iteration 21 started (mode: build)
[2026-02-21 14:05:10] Iteration 22 started (mode: build)
[2026-02-21 14:18:04] Iteration 23 started (mode: build)
[2026-02-21 14:23:55] Iteration 24 started (mode: build)
[2026-02-21 14:27:10] Iteration 25 started (mode: build)
[2026-02-21 14:42:42] Iteration 26 started (mode: build)
[2026-02-21 15:26:38] Iteration 27 started (mode: build)
[2026-02-21 15:40:05] Iteration 28 started (mode: build)
[2026-02-21 15:43:09] Iteration 29 started (mode: build)
[2026-02-21 15:47:25] Iteration 30 started (mode: build)
[2026-02-21 15:54:58] Iteration 31 started (mode: build)
[2026-02-21 16:06:26] Iteration 32 started (mode: build)
[2026-02-21 16:21:09] Iteration 33 started (mode: build)
[2026-02-21 16:26:36] Iteration 34 started (mode: build)
[2026-02-21 16:29:45] Iteration 35 started (mode: build)
[2026-02-21 16:32:46] Iteration 1 started (mode: build)
[2026-02-21 16:34:37] Iteration 1 started (mode: build)
[2026-02-21 16:36:48] Iteration 36 started (mode: build)
[2026-02-21 16:42:03] Iteration 2 started (mode: build)
[2026-02-21 16:42:26] Iteration 37 started (mode: build)
[2026-02-21 16:48:40] Iteration 3 started (mode: build)
[2026-02-21 16:53:17] Iteration 38 started (mode: build)
[2026-02-21 16:55:06] Iteration 4 started (mode: build)
[2026-02-21 17:01:38] Iteration 39 started (mode: build)
[2026-02-21 17:01:45] Iteration 5 started (mode: build)
[2026-02-21 17:11:16] Iteration 40 started (mode: build)
[2026-02-21 17:18:37] Iteration 41 started (mode: build)
[2026-02-21 17:23:38] Iteration 6 started (mode: build)
[2026-02-21 17:25:14] Iteration 42 started (mode: build)
[2026-02-21 17:33:00] Iteration 43 started (mode: build)
[2026-02-21 17:35:59] Iteration 44 started (mode: build)
[2026-02-21 17:37:35] Iteration 7 started (mode: build)
[2026-02-21 17:42:55] Iteration 45 started (mode: build)
[2026-02-21 17:45:53] Iteration 8 started (mode: build)
[2026-02-21 17:50:02] Iteration 46 started (mode: build)
[2026-02-21 17:55:29] Iteration 47 started (mode: build)
[2026-02-21 17:59:23] Iteration 9 started (mode: build)
[2026-02-21 18:04:10] Iteration 48 started (mode: build)
[2026-02-21 18:08:01] Iteration 10 started (mode: build)
[2026-02-21 18:18:09] Iteration 49 started (mode: build)
[2026-02-21 18:21:26] Iteration 11 started (mode: build)
[2026-02-21 18:23:57] Iteration 50 started (mode: build)
[2026-02-21 18:27:36] Iteration 12 started (mode: build)
[2026-02-21 18:38:18] Iteration 13 started (mode: build)
[2026-02-21 18:41:15] Iteration 51 started (mode: build)
[2026-02-21 18:45:05] Iteration 14 started (mode: build)
[2026-02-21 18:46:08] Iteration 52 started (mode: build)
[2026-02-21 18:48:02] Iteration 15 started (mode: build)
[2026-02-21 18:53:35] Iteration 16 started (mode: build)
[2026-02-21 18:55:45] Iteration 53 started (mode: build)
[2026-02-21 19:04:39] Iteration 17 started (mode: build)
[2026-02-21 19:09:29] Iteration 54 started (mode: build)
[2026-02-21 19:11:48] Iteration 18 started (mode: build)
[2026-02-21 19:17:07] Iteration 55 started (mode: build)
[2026-02-21 19:18:46] Iteration 19 started (mode: build)
[2026-02-21 19:20:01] Iteration 56 started (mode: build)
[2026-02-21 19:24:22] Iteration 20 started (mode: build)
[2026-02-21 19:24:38] Iteration 57 started (mode: build)
[2026-02-21 19:36:34] Iteration 21 started (mode: build)
[2026-02-21 19:37:18] Iteration 58 started (mode: build)
[2026-02-21 19:43:43] Iteration 59 started (mode: build)
[2026-02-21 19:43:43] Iteration 22 started (mode: build)
[2026-02-21 19:46:44] Iteration 23 started (mode: build)
[2026-02-21 19:46:47] Iteration 60 started (mode: build)
[2026-02-21 19:49:46] Iteration 61 started (mode: build)
[2026-02-21 19:53:19] Iteration 24 started (mode: build)
[2026-02-21 19:57:06] Iteration 62 started (mode: build)
[2026-02-21 20:06:28] Iteration 25 started (mode: build)
[2026-02-21 20:11:03] Iteration 63 started (mode: build)
[2026-02-21 20:13:18] Iteration 26 started (mode: build)
[2026-02-21 20:18:15] Iteration 64 started (mode: build)
[2026-02-21 20:24:09] Iteration 27 started (mode: build)
[2026-02-21 20:27:16] Iteration 28 started (mode: build)
[2026-02-21 20:29:36] Iteration 65 started (mode: build)
[2026-02-21 20:37:51] Iteration 29 started (mode: build)
[2026-02-21 20:45:04] Iteration 66 started (mode: build)
[2026-02-21 20:48:10] Iteration 30 started (mode: build)
[2026-02-21 20:48:11] Iteration 67 started (mode: build)
[2026-02-21 20:53:57] Iteration 31 started (mode: build)
[2026-02-21 20:54:54] Iteration 68 started (mode: build)
[2026-02-21 20:59:22] Iteration 32 started (mode: build)
[2026-02-21 21:00:01] Iteration 1 started (mode: build)
[2026-02-21 21:00:42] Iteration 69 started (mode: build)
[2026-02-21 21:03:44] Iteration 70 started (mode: build)
[2026-02-21 21:04:52] Iteration 33 started (mode: build)
[2026-02-21 21:05:05] Iteration 2 started (mode: build)
[2026-02-21 21:08:58] Iteration 71 started (mode: build)
[2026-02-21 21:10:43] Iteration 34 started (mode: build)
[2026-02-21 21:10:44] Iteration 3 started (mode: build)
[2026-02-21 21:15:06] Iteration 72 started (mode: build)
[2026-02-21 21:16:26] Iteration 4 started (mode: build)
[2026-02-21 21:16:26] Iteration 35 started (mode: build)
[forever] PID: 23815
[2026-02-21 21:18:43] Iteration 1 started (mode: build)
[forever] PID: 25910
[2026-02-21 21:19:46] Iteration 1 started (mode: build)
[forever] PID: 27764
[2026-02-21 21:21:17] Iteration 1 started (mode: build)
[ralph] Auto-committing changes...

[ralph] Progress: 28/51

[ralph] Next iteration in 3s...

━━━━━━━━━━━━━━━━━━━━━━━━━━━━━━━━━━━━━━━━━━━
 Iteration 2 — 2026-02-21 21:21:56
━━━━━━━━━━━━━━━━━━━━━━━━━━━━━━━━━━━━━━━━━━━

[2026-02-21 21:21:56] Iteration 2 started (mode: build)
[forever] PID: 30671
[2026-02-21 21:23:21] Iteration 1 started (mode: build)
[forever] PID: 30868
[2026-02-21 21:23:26] Iteration 1 started (mode: build)
[ralph] node v22.14.0
[ralph] pnpm 9.15.4

[ralph] go go1.26.0

[ralph] git 2.39.5


Using prompt: .ralph/PROMPT.md
Progress: 28/51

Loop: UNLIMITED — runs until all tasks pass or Ctrl+C


━━━━━━━━━━━━━━━━━━━━━━━━━━━━━━━━━━━━━━━━━━━
 Iteration 1 — 2026-02-21 21:24:59
━━━━━━━━━━━━━━━━━━━━━━━━━━━━━━━━━━━━━━━━━━━

[2026-02-21 21:24:59] Iteration 1 started (mode: build)
[2026-02-21 21:26:49] Iteration 2 started (mode: build)
[ralph] node v22.14.0
[ralph] pnpm 9.15.4

[ralph] go go1.26.0

[ralph] git 2.39.5


Using prompt: .ralph/PROMPT.md
Progress: 28/51

Loop: UNLIMITED — runs until all tasks pass or Ctrl+C


━━━━━━━━━━━━━━━━━━━━━━━━━━━━━━━━━━━━━━━━━━━
 Iteration 1 — 2026-02-21 21:27:49
━━━━━━━━━━━━━━━━━━━━━━━━━━━━━━━━━━━━━━━━━━━

[2026-02-21 21:27:49] Iteration 1 started (mode: build)
[2026-02-21 21:29:48] Iteration 2 started (mode: build)
[2026-02-21 21:29:58] Iteration 3 started (mode: build)
[2026-02-21 21:30:00] Iteration 2 started (mode: build)
[ralph] node v22.14.0
[ralph] pnpm 9.15.4

[ralph] go go1.26.0

[ralph] git 2.39.5


Using prompt: .ralph/PROMPT.md
Progress: 28/51

Loop: UNLIMITED — runs until all tasks pass or Ctrl+C


━━━━━━━━━━━━━━━━━━━━━━━━━━━━━━━━━━━━━━━━━━━
 Iteration 1 — 2026-02-21 21:31:05
━━━━━━━━━━━━━━━━━━━━━━━━━━━━━━━━━━━━━━━━━━━

[2026-02-21 21:31:05] Iteration 1 started (mode: build)
[ralph] node v22.14.0
[ralph] pnpm 9.15.4

[ralph] go go1.26.0

[ralph] git 2.39.5


Using prompt: .ralph/PROMPT.md
Progress: 28/51

Loop: UNLIMITED — runs until all tasks pass or Ctrl+C


━━━━━━━━━━━━━━━━━━━━━━━━━━━━━━━━━━━━━━━━━━━
 Iteration 1 — 2026-02-21 21:33:18
━━━━━━━━━━━━━━━━━━━━━━━━━━━━━━━━━━━━━━━━━━━

[2026-02-21 21:33:18] Iteration 1 started (mode: build)
[2026-02-21 21:34:57] Iteration 3 started (mode: build)
[2026-02-21 21:35:27] Iteration 3 started (mode: build)
[2026-02-21 21:36:52] Iteration 4 started (mode: build)
[ralph] node v22.14.0
[ralph] pnpm 9.15.4

[ralph] go go1.26.0

[ralph] git 2.39.5


Using prompt: .ralph/PROMPT.md
Progress: 28/51

Loop: UNLIMITED — runs until all tasks pass or Ctrl+C


━━━━━━━━━━━━━━━━━━━━━━━━━━━━━━━━━━━━━━━━━━━
 Iteration 1 — 2026-02-21 21:37:02
━━━━━━━━━━━━━━━━━━━━━━━━━━━━━━━━━━━━━━━━━━━

[2026-02-21 21:37:02] Iteration 1 started (mode: build)
[ralph] node v22.14.0
[ralph] pnpm 9.15.4

[ralph] go go1.26.0

[ralph] git 2.39.5


Using prompt: .ralph/PROMPT.md
Progress: 28/51

Loop: UNLIMITED — runs until all tasks pass or Ctrl+C


━━━━━━━━━━━━━━━━━━━━━━━━━━━━━━━━━━━━━━━━━━━
 Iteration 1 — 2026-02-21 21:39:03
━━━━━━━━━━━━━━━━━━━━━━━━━━━━━━━━━━━━━━━━━━━

[2026-02-21 21:39:03] Iteration 1 started (mode: build)
[2026-02-21 21:40:34] Iteration 4 started (mode: build)
[2026-02-21 21:41:38] Iteration 4 started (mode: build)
[ralph] node v22.14.0
[ralph] pnpm 9.15.4

[ralph] go go1.26.0

[ralph] git 2.39.5


Using prompt: .ralph/PROMPT.md
Progress: 28/51

Loop: UNLIMITED — runs until all tasks pass or Ctrl+C


━━━━━━━━━━━━━━━━━━━━━━━━━━━━━━━━━━━━━━━━━━━
 Iteration 1 — 2026-02-21 21:42:57
━━━━━━━━━━━━━━━━━━━━━━━━━━━━━━━━━━━━━━━━━━━

[2026-02-21 21:42:57] Iteration 1 started (mode: build)
[2026-02-21 21:43:45] Iteration 5 started (mode: build)
[ralph] node v22.14.0
[ralph] pnpm 9.15.4

[ralph] go go1.26.0

[ralph] git 2.39.5


Using prompt: .ralph/PROMPT.md
Progress: 28/51

Loop: UNLIMITED — runs until all tasks pass or Ctrl+C


━━━━━━━━━━━━━━━━━━━━━━━━━━━━━━━━━━━━━━━━━━━
 Iteration 1 — 2026-02-21 21:44:47
━━━━━━━━━━━━━━━━━━━━━━━━━━━━━━━━━━━━━━━━━━━

[2026-02-21 21:44:47] Iteration 1 started (mode: build)
[2026-02-21 21:46:18] Iteration 5 started (mode: build)
[2026-02-21 21:47:23] Iteration 5 started (mode: build)
[ralph] node v22.14.0
[ralph] pnpm 9.15.4

[ralph] go go1.26.0

[ralph] git 2.39.5


Using prompt: .ralph/PROMPT.md
Progress: 29/51

Loop: UNLIMITED — runs until all tasks pass or Ctrl+C


━━━━━━━━━━━━━━━━━━━━━━━━━━━━━━━━━━━━━━━━━━━
 Iteration 1 — 2026-02-21 21:48:56
━━━━━━━━━━━━━━━━━━━━━━━━━━━━━━━━━━━━━━━━━━━

[2026-02-21 21:48:56] Iteration 1 started (mode: build)
[ralph] node v22.14.0
[ralph] pnpm 9.15.4

[ralph] go go1.26.0

[ralph] git 2.39.5


Using prompt: .ralph/PROMPT.md
Progress: 29/51

Loop: UNLIMITED — runs until all tasks pass or Ctrl+C


━━━━━━━━━━━━━━━━━━━━━━━━━━━━━━━━━━━━━━━━━━━
 Iteration 1 — 2026-02-21 21:50:03
━━━━━━━━━━━━━━━━━━━━━━━━━━━━━━━━━━━━━━━━━━━

[2026-02-21 21:50:03] Iteration 1 started (mode: build)
[2026-02-21 21:50:09] Iteration 6 started (mode: build)
[2026-02-21 21:51:02] Iteration 6 started (mode: build)
[2026-02-21 21:53:46] Iteration 6 started (mode: build)
[2026-02-21 21:57:14] Iteration 7 started (mode: build)
[ralph] node v22.14.0
[ralph] pnpm 9.15.4

[ralph] go go1.26.0

[ralph] git 2.39.5


Using prompt: .ralph/PROMPT.md
Progress: 30/51

Loop: UNLIMITED — runs until all tasks pass or Ctrl+C


━━━━━━━━━━━━━━━━━━━━━━━━━━━━━━━━━━━━━━━━━━━
 Iteration 1 — 2026-02-21 21:58:19
━━━━━━━━━━━━━━━━━━━━━━━━━━━━━━━━━━━━━━━━━━━

[2026-02-21 21:58:19] Iteration 1 started (mode: build)
[2026-02-21 22:01:16] Iteration 7 started (mode: build)
[2026-02-21 22:03:56] Iteration 7 started (mode: build)
[ralph] node v22.14.0
[ralph] pnpm 9.15.4

[ralph] go go1.26.0

[ralph] git 2.39.5


Using prompt: .ralph/PROMPT.md
Progress: 30/51

Loop: UNLIMITED — runs until all tasks pass or Ctrl+C


━━━━━━━━━━━━━━━━━━━━━━━━━━━━━━━━━━━━━━━━━━━
 Iteration 1 — 2026-02-21 22:04:40
━━━━━━━━━━━━━━━━━━━━━━━━━━━━━━━━━━━━━━━━━━━

[2026-02-21 22:04:40] Iteration 1 started (mode: build)
[ralph] node v22.14.0
[ralph] pnpm 9.15.4

[ralph] go go1.26.0

[ralph] git 2.39.5


Using prompt: .ralph/PROMPT.md
Progress: 31/51

Loop: UNLIMITED — runs until all tasks pass or Ctrl+C


━━━━━━━━━━━━━━━━━━━━━━━━━━━━━━━━━━━━━━━━━━━
 Iteration 1 — 2026-02-21 22:08:41
━━━━━━━━━━━━━━━━━━━━━━━━━━━━━━━━━━━━━━━━━━━

[2026-02-21 22:08:41] Iteration 1 started (mode: build)
[2026-02-21 22:08:52] Iteration 8 started (mode: build)
[2026-02-21 22:09:35] Iteration 8 started (mode: build)
[ralph] node v22.14.0
[ralph] pnpm 9.15.4

[ralph] go go1.26.0

[ralph] git 2.39.5


Using prompt: .ralph/PROMPT.md
Progress: 31/51

Loop: UNLIMITED — runs until all tasks pass or Ctrl+C


━━━━━━━━━━━━━━━━━━━━━━━━━━━━━━━━━━━━━━━━━━━
 Iteration 1 — 2026-02-21 22:10:00
━━━━━━━━━━━━━━━━━━━━━━━━━━━━━━━━━━━━━━━━━━━

[2026-02-21 22:10:00] Iteration 1 started (mode: build)
[ralph] node v22.14.0
[ralph] pnpm 9.15.4

[ralph] go go1.26.0

[ralph] git 2.39.5


Using prompt: .ralph/PROMPT.md
Progress: 32/51

Loop: UNLIMITED — runs until all tasks pass or Ctrl+C


━━━━━━━━━━━━━━━━━━━━━━━━━━━━━━━━━━━━━━━━━━━
 Iteration 1 — 2026-02-21 22:18:26
━━━━━━━━━━━━━━━━━━━━━━━━━━━━━━━━━━━━━━━━━━━

[2026-02-21 22:18:26] Iteration 1 started (mode: build)
[2026-02-21 22:18:30] Iteration 9 started (mode: build)
[2026-02-21 22:19:26] Iteration 9 started (mode: build)
[2026-02-21 22:21:19] Iteration 8 started (mode: build)
[ralph] node v22.14.0
[ralph] pnpm 9.15.4

[ralph] go go1.26.0

[ralph] git 2.39.5


Using prompt: .ralph/PROMPT.md
Progress: 33/51

Loop: UNLIMITED — runs until all tasks pass or Ctrl+C


━━━━━━━━━━━━━━━━━━━━━━━━━━━━━━━━━━━━━━━━━━━
 Iteration 1 — 2026-02-21 22:21:40
━━━━━━━━━━━━━━━━━━━━━━━━━━━━━━━━━━━━━━━━━━━

[2026-02-21 22:21:40] Iteration 1 started (mode: build)
[2026-02-21 22:22:37] Iteration 10 started (mode: build)
[ralph] node v22.14.0
[ralph] pnpm 9.15.4

[ralph] go go1.26.0

[ralph] git 2.39.5


Using prompt: .ralph/PROMPT.md
Progress: 33/51

Loop: UNLIMITED — runs until all tasks pass or Ctrl+C


━━━━━━━━━━━━━━━━━━━━━━━━━━━━━━━━━━━━━━━━━━━
 Iteration 1 — 2026-02-21 22:27:06
━━━━━━━━━━━━━━━━━━━━━━━━━━━━━━━━━━━━━━━━━━━

[2026-02-21 22:27:06] Iteration 1 started (mode: build)
[2026-02-21 22:27:31] Iteration 10 started (mode: build)
[2026-02-21 22:28:18] Iteration 9 started (mode: build)
[ralph] node v22.14.0
[ralph] pnpm 9.15.4

[ralph] go go1.26.0

[ralph] git 2.39.5


Using prompt: .ralph/PROMPT.md
Progress: 34/51

Loop: UNLIMITED — runs until all tasks pass or Ctrl+C


━━━━━━━━━━━━━━━━━━━━━━━━━━━━━━━━━━━━━━━━━━━
 Iteration 1 — 2026-02-21 22:30:33
━━━━━━━━━━━━━━━━━━━━━━━━━━━━━━━━━━━━━━━━━━━

[2026-02-21 22:30:33] Iteration 1 started (mode: build)
[2026-02-21 22:30:37] Iteration 11 started (mode: build)
[2026-02-21 22:33:29] Iteration 10 started (mode: build)
[2026-02-21 22:34:25] Iteration 12 started (mode: build)
[ralph] node v22.14.0
[ralph] pnpm 9.15.4

[ralph] go go1.26.0

[ralph] git 2.39.5


Using prompt: .ralph/PROMPT.md
Progress: 34/51

Loop: UNLIMITED — runs until all tasks pass or Ctrl+C


━━━━━━━━━━━━━━━━━━━━━━━━━━━━━━━━━━━━━━━━━━━
 Iteration 1 — 2026-02-21 22:34:49
━━━━━━━━━━━━━━━━━━━━━━━━━━━━━━━━━━━━━━━━━━━

[2026-02-21 22:34:49] Iteration 1 started (mode: build)
[2026-02-21 22:35:40] Iteration 11 started (mode: build)
[ralph] node v22.14.0
[ralph] pnpm 9.15.4

[ralph] go go1.26.0

[ralph] git 2.39.5


Using prompt: .ralph/PROMPT.md
Progress: 34/51

Loop: UNLIMITED — runs until all tasks pass or Ctrl+C


━━━━━━━━━━━━━━━━━━━━━━━━━━━━━━━━━━━━━━━━━━━
 Iteration 1 — 2026-02-21 22:38:06
━━━━━━━━━━━━━━━━━━━━━━━━━━━━━━━━━━━━━━━━━━━

[2026-02-21 22:38:06] Iteration 1 started (mode: build)
[ralph] node v22.14.0
[ralph] pnpm 9.15.4

[ralph] go go1.26.0

[ralph] git 2.39.5


Using prompt: .ralph/PROMPT.md
Progress: 35/51

Loop: UNLIMITED — runs until all tasks pass or Ctrl+C


━━━━━━━━━━━━━━━━━━━━━━━━━━━━━━━━━━━━━━━━━━━
 Iteration 1 — 2026-02-21 22:41:18
━━━━━━━━━━━━━━━━━━━━━━━━━━━━━━━━━━━━━━━━━━━

[2026-02-21 22:41:18] Iteration 1 started (mode: build)
[2026-02-21 22:41:34] Iteration 11 started (mode: build)
[2026-02-21 22:41:41] Iteration 12 started (mode: build)
[ralph] node v22.14.0
[ralph] pnpm 9.15.4

[ralph] go go1.26.0

[ralph] git 2.39.5


Using prompt: .ralph/PROMPT.md
Progress: 35/51

Loop: UNLIMITED — runs until all tasks pass or Ctrl+C


━━━━━━━━━━━━━━━━━━━━━━━━━━━━━━━━━━━━━━━━━━━
 Iteration 1 — 2026-02-21 22:42:16
━━━━━━━━━━━━━━━━━━━━━━━━━━━━━━━━━━━━━━━━━━━

[2026-02-21 22:42:16] Iteration 1 started (mode: build)
[ralph] node v22.14.0
[ralph] pnpm 9.15.4

[ralph] go go1.26.0

[ralph] git 2.39.5


Using prompt: .ralph/PROMPT.md
Progress: 36/51

Loop: UNLIMITED — runs until all tasks pass or Ctrl+C


━━━━━━━━━━━━━━━━━━━━━━━━━━━━━━━━━━━━━━━━━━━
 Iteration 1 — 2026-02-21 22:48:52
━━━━━━━━━━━━━━━━━━━━━━━━━━━━━━━━━━━━━━━━━━━

[2026-02-21 22:48:52] Iteration 1 started (mode: build)
[2026-02-21 22:49:44] Iteration 13 started (mode: build)
[ralph] node v22.14.0
[ralph] pnpm 9.15.4

[ralph] go go1.26.0

[ralph] git 2.39.5


Using prompt: .ralph/PROMPT.md
Progress: 36/51

Loop: UNLIMITED — runs until all tasks pass or Ctrl+C


━━━━━━━━━━━━━━━━━━━━━━━━━━━━━━━━━━━━━━━━━━━
 Iteration 1 — 2026-02-21 22:51:17
━━━━━━━━━━━━━━━━━━━━━━━━━━━━━━━━━━━━━━━━━━━

[2026-02-21 22:51:17] Iteration 1 started (mode: build)
[2026-02-21 22:53:16] Iteration 13 started (mode: build)
[ralph] node v22.14.0
[ralph] pnpm 9.15.4

[ralph] go go1.26.0

[ralph] git 2.39.5


Using prompt: .ralph/PROMPT.md
Progress: 36/51

Loop: UNLIMITED — runs until all tasks pass or Ctrl+C


━━━━━━━━━━━━━━━━━━━━━━━━━━━━━━━━━━━━━━━━━━━
 Iteration 1 — 2026-02-21 22:58:14
━━━━━━━━━━━━━━━━━━━━━━━━━━━━━━━━━━━━━━━━━━━

[2026-02-21 22:58:14] Iteration 1 started (mode: build)
[ralph] node v22.14.0
[ralph] pnpm 9.15.4

[ralph] go go1.26.0

[ralph] git 2.39.5


Using prompt: .ralph/PROMPT.md
Progress: 36/51

Loop: UNLIMITED — runs until all tasks pass or Ctrl+C


━━━━━━━━━━━━━━━━━━━━━━━━━━━━━━━━━━━━━━━━━━━
 Iteration 1 — 2026-02-21 22:59:50
━━━━━━━━━━━━━━━━━━━━━━━━━━━━━━━━━━━━━━━━━━━

[2026-02-21 22:59:50] Iteration 1 started (mode: build)
[2026-02-21 23:00:02] Iteration 14 started (mode: build)
[2026-02-21 23:01:25] Iteration 12 started (mode: build)
[ralph] node v22.14.0
[ralph] pnpm 9.15.4

[ralph] go go1.26.0

[ralph] git 2.39.5


Using prompt: .ralph/PROMPT.md
Progress: 36/51

Loop: UNLIMITED — runs until all tasks pass or Ctrl+C


━━━━━━━━━━━━━━━━━━━━━━━━━━━━━━━━━━━━━━━━━━━
 Iteration 1 — 2026-02-21 23:01:30
━━━━━━━━━━━━━━━━━━━━━━━━━━━━━━━━━━━━━━━━━━━

[2026-02-21 23:01:30] Iteration 1 started (mode: build)
[ralph] node v22.14.0
[ralph] pnpm 9.15.4

[ralph] go go1.26.0

[ralph] git 2.39.5


Using prompt: .ralph/PROMPT.md
Progress: 36/51

Loop: UNLIMITED — runs until all tasks pass or Ctrl+C


━━━━━━━━━━━━━━━━━━━━━━━━━━━━━━━━━━━━━━━━━━━
 Iteration 1 — 2026-02-21 23:03:38
━━━━━━━━━━━━━━━━━━━━━━━━━━━━━━━━━━━━━━━━━━━

[2026-02-21 23:03:38] Iteration 1 started (mode: build)
[2026-02-21 23:04:08] Iteration 15 started (mode: build)
[ralph] node v22.14.0
[ralph] pnpm 9.15.4

[ralph] go go1.26.0

[ralph] git 2.39.5


Using prompt: .ralph/PROMPT.md
Progress: 36/51

Loop: UNLIMITED — runs until all tasks pass or Ctrl+C


━━━━━━━━━━━━━━━━━━━━━━━━━━━━━━━━━━━━━━━━━━━
 Iteration 1 — 2026-02-21 23:04:44
━━━━━━━━━━━━━━━━━━━━━━━━━━━━━━━━━━━━━━━━━━━

[2026-02-21 23:04:44] Iteration 1 started (mode: build)
[2026-02-21 23:04:49] Iteration 13 started (mode: build)
[2026-02-21 23:08:32] Iteration 16 started (mode: build)
[2026-02-21 23:08:48] Iteration 14 started (mode: build)
[2026-02-21 23:12:53] Iteration 17 started (mode: build)
[2026-02-21 23:16:10] Iteration 15 started (mode: build)
[2026-02-21 23:17:10] Iteration 18 started (mode: build)
[ralph] node v22.14.0
[ralph] pnpm 9.15.4

[ralph] go go1.26.0

[ralph] git 2.39.5


Using prompt: .ralph/PROMPT.md
Progress: 37/51

Loop: UNLIMITED — runs until all tasks pass or Ctrl+C


━━━━━━━━━━━━━━━━━━━━━━━━━━━━━━━━━━━━━━━━━━━
 Iteration 1 — 2026-02-21 23:48:03
━━━━━━━━━━━━━━━━━━━━━━━━━━━━━━━━━━━━━━━━━━━

[2026-02-21 23:48:03] Iteration 1 started (mode: build)
[2026-02-21 23:49:16] Iteration 16 started (mode: build)
[ralph] node v22.14.0
[ralph] pnpm 9.15.4

[ralph] go go1.26.0

[ralph] git 2.39.5


Using prompt: .ralph/PROMPT.md
Progress: 37/51

Loop: UNLIMITED — runs until all tasks pass or Ctrl+C


━━━━━━━━━━━━━━━━━━━━━━━━━━━━━━━━━━━━━━━━━━━
 Iteration 1 — 2026-02-21 23:49:17
━━━━━━━━━━━━━━━━━━━━━━━━━━━━━━━━━━━━━━━━━━━

[2026-02-21 23:49:17] Iteration 1 started (mode: build)
[2026-02-21 23:50:02] Iteration 19 started (mode: build)
[ralph] node v22.14.0
[ralph] pnpm 9.15.4

[ralph] go go1.26.0

[ralph] git 2.39.5


Using prompt: .ralph/PROMPT.md
Progress: 38/51

Loop: UNLIMITED — runs until all tasks pass or Ctrl+C


━━━━━━━━━━━━━━━━━━━━━━━━━━━━━━━━━━━━━━━━━━━
 Iteration 1 — 2026-02-21 23:59:06
━━━━━━━━━━━━━━━━━━━━━━━━━━━━━━━━━━━━━━━━━━━

[2026-02-21 23:59:06] Iteration 1 started (mode: build)
[ralph] node v22.14.0
[ralph] pnpm 9.15.4

[ralph] go go1.26.0

[ralph] git 2.39.5


Using prompt: .ralph/PROMPT.md
Progress: 38/51

Loop: UNLIMITED — runs until all tasks pass or Ctrl+C


━━━━━━━━━━━━━━━━━━━━━━━━━━━━━━━━━━━━━━━━━━━
 Iteration 1 — 2026-02-21 23:59:28
━━━━━━━━━━━━━━━━━━━━━━━━━━━━━━━━━━━━━━━━━━━

[2026-02-21 23:59:28] Iteration 1 started (mode: build)
